> Task :compileJava UP-TO-DATE
> Task :processResources UP-TO-DATE
> Task :classes UP-TO-DATE
> Task :resolveMainClassName UP-TO-DATE

> Task :bootRun

  .   ____          _            __ _ _
 /\\ / ___'_ __ _ _(_)_ __  __ _ \ \ \ \
( ( )\___ | '_ | '_| | '_ \/ _` | \ \ \ \
 \\/  ___)| |_)| | | | | || (_| |  ) ) ) )
  '  |____| .__|_| |_|_| |_\__, | / / / /
 =========|_|==============|___/=/_/_/_/

 :: Spring Boot ::                (v3.4.1)

2026-01-14T03:05:42.212+09:00  INFO 18288 --- [           main] c.d.mlpa_gradi.MlpaGradiApplication      : Starting MlpaGradiApplication using Java 21.0.9 with PID 18288 (C:\Users\user\IdeaProjects\mlpa-gradi-frontend\BE\build\classes\java\main started by user in C:\Users\user\IdeaProjects\mlpa-gradi-frontend\BE)
2026-01-14T03:05:42.221+09:00  INFO 18288 --- [           main] c.d.mlpa_gradi.MlpaGradiApplication      : The following 1 profile is active: "local"
2026-01-14T03:05:43.376+09:00  INFO 18288 --- [           main] .s.d.r.c.RepositoryConfigurationDelegate : Bootstrapping Spring Data JPA repositories in DEFAULT mode.
2026-01-14T03:05:43.577+09:00  INFO 18288 --- [           main] .s.d.r.c.RepositoryConfigurationDelegate : Finished Spring Data repository scanning in 190 ms. Found 4 JPA repository interfaces.
2026-01-14T03:05:44.530+09:00  INFO 18288 --- [           main] o.s.b.w.embedded.tomcat.TomcatWebServer  : Tomcat initialized with port 8080 (http)
2026-01-14T03:05:44.547+09:00  INFO 18288 --- [           main] o.apache.catalina.core.StandardService   : Starting service [Tomcat]
2026-01-14T03:05:44.547+09:00  INFO 18288 --- [           main] o.apache.catalina.core.StandardEngine    : Starting Servlet engine: [Apache Tomcat/10.1.34]
2026-01-14T03:05:44.668+09:00  INFO 18288 --- [           main] o.a.c.c.C.[Tomcat].[localhost].[/]       : Initializing Spring embedded WebApplicationContext
2026-01-14T03:05:44.671+09:00  INFO 18288 --- [           main] w.s.c.ServletWebServerApplicationContext : Root WebApplicationContext: initialization completed in 2368 ms
2026-01-14T03:05:44.954+09:00  INFO 18288 --- [           main] o.hibernate.jpa.internal.util.LogHelper  : HHH000204: Processing PersistenceUnitInfo [name: default]
2026-01-14T03:05:45.036+09:00  INFO 18288 --- [           main] org.hibernate.Version                    : HHH000412: Hibernate ORM core version 6.6.4.Final
2026-01-14T03:05:45.086+09:00  INFO 18288 --- [           main] o.h.c.internal.RegionFactoryInitiator    : HHH000026: Second-level cache disabled
2026-01-14T03:05:45.671+09:00  INFO 18288 --- [           main] o.s.o.j.p.SpringPersistenceUnitInfo      : No LoadTimeWeaver setup: ignoring JPA class transformer
2026-01-14T03:05:45.743+09:00  INFO 18288 --- [           main] com.zaxxer.hikari.HikariDataSource       : HikariPool-1 - Starting...
2026-01-14T03:05:46.307+09:00  INFO 18288 --- [           main] com.zaxxer.hikari.pool.HikariPool        : HikariPool-1 - Added connection com.mysql.cj.jdbc.ConnectionImpl@7619fbe7
2026-01-14T03:05:46.310+09:00  INFO 18288 --- [           main] com.zaxxer.hikari.HikariDataSource       : HikariPool-1 - Start completed.
2026-01-14T03:05:46.428+09:00  INFO 18288 --- [           main] org.hibernate.orm.connections.pooling    : HHH10001005: Database info:
	Database JDBC URL [Connecting through datasource 'HikariDataSource (HikariPool-1)']
	Database driver: undefined/unknown
	Database version: 8.0.44
	Autocommit mode: undefined/unknown
	Isolation level: undefined/unknown
	Minimum pool size: undefined/unknown
	Maximum pool size: undefined/unknown
2026-01-14T03:05:47.785+09:00  INFO 18288 --- [           main] o.h.e.t.j.p.i.JtaPlatformInitiator       : HHH000489: No JTA platform available (set 'hibernate.transaction.jta.platform' to enable JTA platform integration)
2026-01-14T03:05:47.971+09:00  INFO 18288 --- [           main] j.LocalContainerEntityManagerFactoryBean : Initialized JPA EntityManagerFactory for persistence unit 'default'
? S3 CORS configuration updated for bucket: mlpa-gradi
2026-01-14T03:05:50.445+09:00  INFO 18288 --- [           main] c.d.m.service.SqsListenerService         : ?? SqsListenerService initialized with Queue URL: https://sqs.ap-northeast-2.amazonaws.com/309293113458/mlpa-grading-queue.fifo
2026-01-14T03:05:50.525+09:00  WARN 18288 --- [           main] JpaBaseConfiguration$JpaWebConfiguration : spring.jpa.open-in-view is enabled by default. Therefore, database queries may be performed during view rendering. Explicitly configure spring.jpa.open-in-view to disable this warning
2026-01-14T03:05:50.575+09:00  WARN 18288 --- [           main] .s.s.UserDetailsServiceAutoConfiguration : 

Using generated security password: 76e1b817-7733-4f95-81a3-f5d356e1f78d

This generated password is for development use only. Your security configuration must be updated before running your application in production.

2026-01-14T03:05:50.606+09:00  INFO 18288 --- [           main] r$InitializeUserDetailsManagerConfigurer : Global AuthenticationManager configured with UserDetailsService bean with name inMemoryUserDetailsManager
2026-01-14T03:05:51.416+09:00  WARN 18288 --- [           main] ConfigServletWebServerApplicationContext : Exception encountered during context initialization - cancelling refresh attempt: org.springframework.context.ApplicationContextException: Failed to start bean 'webServerStartStop'
2026-01-14T03:05:51.423+09:00  INFO 18288 --- [           main] j.LocalContainerEntityManagerFactoryBean : Closing JPA EntityManagerFactory for persistence unit 'default'
2026-01-14T03:05:51.425+09:00  INFO 18288 --- [           main] com.zaxxer.hikari.HikariDataSource       : HikariPool-1 - Shutdown initiated...
2026-01-14T03:05:51.508+09:00  INFO 18288 --- [           main] com.zaxxer.hikari.HikariDataSource       : HikariPool-1 - Shutdown completed.
2026-01-14T03:05:51.527+09:00  INFO 18288 --- [           main] .s.b.a.l.ConditionEvaluationReportLogger : 

Error starting ApplicationContext. To display the condition evaluation report re-run your application with 'debug' enabled.
2026-01-14T03:05:51.554+09:00 ERROR 18288 --- [           main] o.s.b.d.LoggingFailureAnalysisReporter   : 

***************************
APPLICATION FAILED TO START
***************************

Description:

Web server failed to start. Port 8080 was already in use.

Action:

Identify and stop the process that's listening on port 8080 or configure this application to listen on another port.

./gradlew : 
?? ?:1 ??:1
+ ./gradlew bootRun --args='--spring
.profiles.active=local' > final_deb 
...
+ ~~~~~~~~~~~~~~~~~~~~~~~~~~~~~~~~~~
~~~~~~~~~~~~~~~~~~~~~~~~~~~~~~~~~~~
    + CategoryInfo          : NotSp 
   ecified: (:String) [], RemoteEx  
  ception
    + FullyQualifiedErrorId : Nativ 
   eCommandError
 
FAILURE: Build failed with an except
ion.

* What went wrong:
Execution failed for task ':bootRun'
.
> Process 'command 'C:\Program Files
\Java\jdk-21\bin\java.exe'' finished
 with non-zero exit value 1

* Try:

> Task :bootRun FAILED
> Run with --stacktrace option to ge
t the stack trace.
> Run with --info or --debug option 
to get more log output.
> Run with --scan to generate a Buil
d Scan (powered by Develocity).
> Get more help at https://help.grad
le.org.

BUILD FAILED in 15s
4 actionable tasks: 1 executed, 3 up-to-date
